<?xml version="1.0" encoding="UTF-8"?>
<!-- Generated by org.testng.reporters.JUnitReportReporter -->
<testsuite hostname="cpe-PC" name="shoppinginmyntra" tests="1" failures="0" timestamp="25 Jan 2021 10:15:44 GMT" time="26.311" errors="0">
  <testcase name="myntralogin" time="26.311" classname="shoppinginmyntra"/>
</testsuite> <!-- shoppinginmyntra -->
